<?xml version="1.0" encoding="UTF-8"?>
<testsuite xmlns:xsi="http://www.w3.org/2001/XMLSchema-instance" xsi:schemaLocation="https://maven.apache.org/surefire/maven-surefire-plugin/xsd/surefire-test-report.xsd" name="ru.mipt.java2017.homework.g696.Serov.task1.MyCalculatorTest" time="0.062" tests="22" errors="0" skipped="0" failures="0">
  <properties>
[...]
</properties>
  <testcase name="testBadString" classname="ru.mipt.java2017.homework.g696.Serov.task1.MyCalculatorTest" time="0.002"/>
  <testcase name="testBadSymbolAtStart" classname="ru.mipt.java2017.homework.g696.Serov.task1.MyCalculatorTest" time="0"/>
  <testcase name="testPlainOrdering" classname="ru.mipt.java2017.homework.g696.Serov.task1.MyCalculatorTest" time="0.001"/>
  <testcase name="testMinus" classname="ru.mipt.java2017.homework.g696.Serov.task1.MyCalculatorTest" time="0"/>
  <testcase name="testNull" classname="ru.mipt.java2017.homework.g696.Serov.task1.MyCalculatorTest" time="0"/>
  <testcase name="testPlusPlus" classname="ru.mipt.java2017.homework.g696.Serov.task1.MyCalculatorTest" time="0"/>
  <testcase name="testDivisionAssociativity" classname="ru.mipt.java2017.homework.g696.Serov.task1.MyCalculatorTest" time="0.001"/>
  <testcase name="testBasicOps" classname="ru.mipt.java2017.homework.g696.Serov.task1.MyCalculatorTest" time="0"/>
  <testcase name="testTooMuchBraces" classname="ru.mipt.java2017.homework.g696.Serov.task1.MyCalculatorTest" time="0"/>
  <testcase name="testTooFewBraces" classname="ru.mipt.java2017.homework.g696.Serov.task1.MyCalculatorTest" time="0"/>
  <testcase name="testBadSymbolInDigitEnd" classname="ru.mipt.java2017.homework.g696.Serov.task1.MyCalculatorTest" time="0"/>
  <testcase name="testBadSymbolInDigitStart" classname="ru.mipt.java2017.homework.g696.Serov.task1.MyCalculatorTest" time="0"/>
  <testcase name="testAdditionalSpaceSymbols" classname="ru.mipt.java2017.homework.g696.Serov.task1.MyCalculatorTest" time="0.001"/>
  <testcase name="testEmptyBraces" classname="ru.mipt.java2017.homework.g696.Serov.task1.MyCalculatorTest" time="0"/>
  <testcase name="testSpacesString" classname="ru.mipt.java2017.homework.g696.Serov.task1.MyCalculatorTest" time="0"/>
  <testcase name="testEmptyString" classname="ru.mipt.java2017.homework.g696.Serov.task1.MyCalculatorTest" time="0"/>
  <testcase name="testBracesOrdering" classname="ru.mipt.java2017.homework.g696.Serov.task1.MyCalculatorTest" time="0"/>
  <testcase name="testDivisionByZero" classname="ru.mipt.java2017.homework.g696.Serov.task1.MyCalculatorTest" time="0"/>
  <testcase name="testUnaryMultiply" classname="ru.mipt.java2017.homework.g696.Serov.task1.MyCalculatorTest" time="0.002"/>
  <testcase name="testOver9k" classname="ru.mipt.java2017.homework.g696.Serov.task1.MyCalculatorTest" time="0"/>
  <testcase name="testSpaces" classname="ru.mipt.java2017.homework.g696.Serov.task1.MyCalculatorTest" time="0"/>
  <testcase name="testBadNumber" classname="ru.mipt.java2017.homework.g696.Serov.task1.MyCalculatorTest" time="0"/>
</testsuite>