<?xml version="1.0" encoding="UTF-8" ?>
<testsuite tests="27" failures="0" name="ru.mipt.java2017.homework.g696.pak.task1.TestCalc" time="0.031" errors="0" skipped="0">
  <properties>
[...]
</properties>
  <testcase classname="ru.mipt.java2017.homework.g696.pak.task1.TestCalc" name="testInf" time="0.031"/>
  <testcase classname="ru.mipt.java2017.homework.g696.pak.task1.TestCalc" name="MultMultTest" time="0"/>
  <testcase classname="ru.mipt.java2017.homework.g696.pak.task1.TestCalc" name="minusMinusTest" time="0"/>
  <testcase classname="ru.mipt.java2017.homework.g696.pak.task1.TestCalc" name="divDivTest" time="0"/>
  <testcase classname="ru.mipt.java2017.homework.g696.pak.task1.TestCalc" name="testLargeExepression" time="0"/>
  <testcase classname="ru.mipt.java2017.homework.g696.pak.task1.TestCalc" name="testBadString" time="0"/>
  <testcase classname="ru.mipt.java2017.homework.g696.pak.task1.TestCalc" name="testBadSymbolAtStart" time="0"/>
  <testcase classname="ru.mipt.java2017.homework.g696.pak.task1.TestCalc" name="testPlainOrdering" time="0"/>
  <testcase classname="ru.mipt.java2017.homework.g696.pak.task1.TestCalc" name="testMinus" time="0"/>
  <testcase classname="ru.mipt.java2017.homework.g696.pak.task1.TestCalc" name="testNull" time="0"/>
  <testcase classname="ru.mipt.java2017.homework.g696.pak.task1.TestCalc" name="testPlusPlus" time="0"/>
  <testcase classname="ru.mipt.java2017.homework.g696.pak.task1.TestCalc" name="testDivisionAssociativity" time="0"/>
  <testcase classname="ru.mipt.java2017.homework.g696.pak.task1.TestCalc" name="testBasicOps" time="0"/>
  <testcase classname="ru.mipt.java2017.homework.g696.pak.task1.TestCalc" name="testTooMuchBraces" time="0"/>
  <testcase classname="ru.mipt.java2017.homework.g696.pak.task1.TestCalc" name="testTooFewBraces" time="0"/>
  <testcase classname="ru.mipt.java2017.homework.g696.pak.task1.TestCalc" name="testBadSymbolInDigitEnd" time="0"/>
  <testcase classname="ru.mipt.java2017.homework.g696.pak.task1.TestCalc" name="testBadSymbolInDigitStart" time="0"/>
  <testcase classname="ru.mipt.java2017.homework.g696.pak.task1.TestCalc" name="testAdditionalSpaceSymbols" time="0"/>
  <testcase classname="ru.mipt.java2017.homework.g696.pak.task1.TestCalc" name="testEmptyBraces" time="0"/>
  <testcase classname="ru.mipt.java2017.homework.g696.pak.task1.TestCalc" name="testSpacesString" time="0"/>
  <testcase classname="ru.mipt.java2017.homework.g696.pak.task1.TestCalc" name="testEmptyString" time="0"/>
  <testcase classname="ru.mipt.java2017.homework.g696.pak.task1.TestCalc" name="testBracesOrdering" time="0"/>
  <testcase classname="ru.mipt.java2017.homework.g696.pak.task1.TestCalc" name="testDivisionByZero" time="0"/>
  <testcase classname="ru.mipt.java2017.homework.g696.pak.task1.TestCalc" name="testUnaryMultiply" time="0"/>
  <testcase classname="ru.mipt.java2017.homework.g696.pak.task1.TestCalc" name="testOver9k" time="0"/>
  <testcase classname="ru.mipt.java2017.homework.g696.pak.task1.TestCalc" name="testSpaces" time="0"/>
  <testcase classname="ru.mipt.java2017.homework.g696.pak.task1.TestCalc" name="testBadNumber" time="0"/>
</testsuite>